{"message":"requestID=74d38380-c827-11ea-b9b1-150726102b6e, fileName=reference_bo.js, method=ReferenceBO.transformData, line=33, message=Inside BO, data= null","level":"debug"}
{"message":"requestID=74d38380-c827-11ea-b9b1-150726102b6e, fileName=reference_bo.js, method=ReferenceBO.transformData, line=33, message=Inside BO, data= null","level":"debug"}
{"message":"requestID=74d38380-c827-11ea-b9b1-150726102b6e, fileName=reference_bo.js, method=ReferenceBO.transformData, line=33, message=Inside BO, data= null","level":"debug"}
{"message":"requestID=74d38380-c827-11ea-b9b1-150726102b6e, fileName=reference_bo.js, method=ReferenceBO.transformData, line=33, message=Inside BO, data= null","level":"debug"}
{"message":"requestID=null, fileName=set_request_id.js, method=module.exports.setRequestId, line=8, message=to set request id, data= null","level":"info"}
{"message":"requestID=83cb7410-c827-11ea-93cc-2ff15a14f93c, fileName=set_request_id.js, method=module.exports.setRequestId, line=18, message=set request mobile info, data= {}","level":"info"}
{"message":"requestID=83cb7410-c827-11ea-93cc-2ff15a14f93c, fileName=reference_service.js, method=ReferenceService.transformData, line=41, message=Start of execution, data= null","level":"info"}
{"message":"requestID=83cb7410-c827-11ea-93cc-2ff15a14f93c, fileName=validation_helper.js, method=ValidationHelper.validate, line=9, message=null, data= null","level":"info"}
{"message":"requestID=83cb7410-c827-11ea-93cc-2ff15a14f93c, fileName=validation_helper.js, method=null, line=14, message=Inside catch block, data= {\"isJoi\":true,\"name\":\"ValidationError\",\"details\":[{\"message\":\"\\\"payload\\\" must be an object\",\"path\":[\"payload\"],\"type\":\"object.base\",\"context\":{\"value\":\"\",\"key\":\"payload\",\"label\":\"payload\"}}],\"_object\":{\"payload\":\"\",\"referenceData\":{\"REF_MSISDN\":\"0406679321\",\"REF_IMSI\":\"50002312344314\",\"REF_SERVPROFID\":\"2\"}}}","level":"error"}
{"message":"requestID=null, fileName=set_request_id.js, method=module.exports.setRequestId, line=8, message=to set request id, data= null","level":"info"}
{"message":"requestID=83cd6fe0-c827-11ea-93cc-2ff15a14f93c, fileName=set_request_id.js, method=module.exports.setRequestId, line=18, message=set request mobile info, data= {}","level":"info"}
{"message":"requestID=83cd6fe0-c827-11ea-93cc-2ff15a14f93c, fileName=reference_service.js, method=ReferenceService.transformData, line=41, message=Start of execution, data= null","level":"info"}
{"message":"requestID=83cd6fe0-c827-11ea-93cc-2ff15a14f93c, fileName=validation_helper.js, method=ValidationHelper.validate, line=9, message=null, data= null","level":"info"}
{"message":"requestID=83cd6fe0-c827-11ea-93cc-2ff15a14f93c, fileName=validation_helper.js, method=null, line=14, message=Inside catch block, data= {\"isJoi\":true,\"name\":\"ValidationError\",\"details\":[{\"message\":\"\\\"referenceData\\\" must be an object\",\"path\":[\"referenceData\"],\"type\":\"object.base\",\"context\":{\"value\":\"\",\"key\":\"referenceData\",\"label\":\"referenceData\"}}],\"_object\":{\"payload\":{\"name\":\"subscriber\",\"valueType\":\"array\",\"value\":[{\"name\":\"MN\",\"valueType\":\"string\",\"value\":\"{REF_MSISDN}\"},{\"name\":\"IM\",\"valueType\":\"string\",\"value\":\"{REF_IMSI}\"},{\"name\":\"NT\",\"valueType\":\"string\",\"value\":\"G\"},{\"name\":\"privateUser\",\"valueType\":\"array\",\"value\":[{\"name\":\"privateUserId\",\"valueType\":\"string\",\"value\":\"{REF_IMSI}@ims.mnc001.mcc505.3gppnetwork.org\"},{\"name\":\"roamingAllowed\",\"valueType\":\"string\",\"value\":\"false\"},{\"name\":\"publicUser\",\"valueType\":\"array\",\"value\":[{\"name\":\"publicIdValue\",\"valueType\":\"string\",\"value\":\"sip:{REF_IMSI}@ims.mnc001.mcc505.3gppnetwork.org\"},{\"name\":\"implicitRegSet\",\"valueType\":\"string\",\"value\":\"1\"},{\"name\":\"serviceProfileId\",\"valueType\":\"string\",\"value\":\"{REF_SERVPROFID}\"},{\"name\":\"testUser\",\"valueType\":\"array\",\"value\":[{\"name\":\"testIdValue\",\"valueType\":\"string\",\"value\":\"sip:{REF_IMSI}@ims.mod-connect.com\"},{\"name\":\"implicitRegSet\",\"valueType\":\"string\",\"value\":\"2\"}]}]},{\"name\":\"userImsi\",\"valueType\":\"string\",\"value\":\"{REF_IMSI}\"}]},{\"name\":\"PO\",\"valueType\":\"string\",\"value\":\"0\"}]},\"referenceData\":\"\"}}","level":"error"}
{"message":"requestID=null, fileName=set_request_id.js, method=module.exports.setRequestId, line=8, message=to set request id, data= null","level":"info"}
{"message":"requestID=83ce3330-c827-11ea-93cc-2ff15a14f93c, fileName=set_request_id.js, method=module.exports.setRequestId, line=18, message=set request mobile info, data= {}","level":"info"}
{"message":"requestID=83ce3330-c827-11ea-93cc-2ff15a14f93c, fileName=reference_service.js, method=ReferenceService.transformData, line=41, message=Start of execution, data= null","level":"info"}
{"message":"requestID=83ce3330-c827-11ea-93cc-2ff15a14f93c, fileName=validation_helper.js, method=ValidationHelper.validate, line=9, message=null, data= null","level":"info"}
{"message":"requestID=83ce3330-c827-11ea-93cc-2ff15a14f93c, fileName=validation_helper.js, method=null, line=29, message=Before returning result, data= null","level":"info"}
{"message":"requestID=83ce3330-c827-11ea-93cc-2ff15a14f93c, fileName=reference_bo.js, method=ReferenceBO.transformData, line=33, message=Inside BO, data= null","level":"debug"}
{"message":"requestID=83ce3330-c827-11ea-93cc-2ff15a14f93c, fileName=reference_service.js, method=ReferenceService.transformData, line=51, message=Before calling success handler, data= {\"name\":\"subscriber\",\"valueType\":\"array\",\"value\":[{\"name\":\"MN\",\"valueType\":\"string\",\"value\":\"0406679321\"},{\"name\":\"IM\",\"valueType\":\"string\",\"value\":\"50002312344314\"},{\"name\":\"NT\",\"valueType\":\"string\",\"value\":\"G\"},{\"name\":\"privateUser\",\"valueType\":\"array\",\"value\":[{\"name\":\"privateUserId\",\"valueType\":\"string\",\"value\":\"50002312344314@ims.mnc001.mcc505.3gppnetwork.org\"},{\"name\":\"roamingAllowed\",\"valueType\":\"string\",\"value\":\"false\"},{\"name\":\"publicUser\",\"valueType\":\"array\",\"value\":[{\"name\":\"publicIdValue\",\"valueType\":\"string\",\"value\":\"sip:50002312344314@ims.mnc001.mcc505.3gppnetwork.org\"},{\"name\":\"implicitRegSet\",\"valueType\":\"string\",\"value\":\"1\"},{\"name\":\"serviceProfileId\",\"valueType\":\"string\",\"value\":\"2\"},{\"name\":\"testUser\",\"valueType\":\"array\",\"value\":[{\"name\":\"testIdValue\",\"valueType\":\"string\",\"value\":\"sip:50002312344314@ims.mod-connect.com\"},{\"name\":\"implicitRegSet\",\"valueType\":\"string\",\"value\":\"2\"}]}]},{\"name\":\"userImsi\",\"valueType\":\"string\",\"value\":\"50002312344314\"}]},{\"name\":\"PO\",\"valueType\":\"string\",\"value\":\"0\"}]}","level":"debug"}
{"message":"requestID=04638720-c828-11ea-a677-09f735f0bd57, fileName=reference_bo.js, method=ReferenceBO.transformData, line=33, message=Inside BO, data= null","level":"debug"}
{"message":"requestID=04638720-c828-11ea-a677-09f735f0bd57, fileName=reference_bo.js, method=ReferenceBO.transformData, line=33, message=Inside BO, data= null","level":"debug"}
{"message":"requestID=04638720-c828-11ea-a677-09f735f0bd57, fileName=reference_bo.js, method=ReferenceBO.transformData, line=33, message=Inside BO, data= null","level":"debug"}
{"message":"requestID=04638720-c828-11ea-a677-09f735f0bd57, fileName=reference_bo.js, method=ReferenceBO.transformData, line=33, message=Inside BO, data= null","level":"debug"}
{"message":"requestID=null, fileName=set_request_id.js, method=module.exports.setRequestId, line=8, message=to set request id, data= null","level":"info"}
{"message":"requestID=08c02a80-c828-11ea-bff1-a1df26fb693c, fileName=set_request_id.js, method=module.exports.setRequestId, line=18, message=set request mobile info, data= {}","level":"info"}
{"message":"requestID=08c02a80-c828-11ea-bff1-a1df26fb693c, fileName=reference_service.js, method=ReferenceService.transformData, line=41, message=Start of execution, data= null","level":"info"}
{"message":"requestID=08c02a80-c828-11ea-bff1-a1df26fb693c, fileName=validation_helper.js, method=ValidationHelper.validate, line=9, message=null, data= null","level":"info"}
{"message":"requestID=08c02a80-c828-11ea-bff1-a1df26fb693c, fileName=validation_helper.js, method=null, line=14, message=Inside catch block, data= {\"isJoi\":true,\"name\":\"ValidationError\",\"details\":[{\"message\":\"\\\"payload\\\" must be an object\",\"path\":[\"payload\"],\"type\":\"object.base\",\"context\":{\"value\":\"\",\"key\":\"payload\",\"label\":\"payload\"}}],\"_object\":{\"payload\":\"\",\"referenceData\":{\"REF_MSISDN\":\"0406679321\",\"REF_IMSI\":\"50002312344314\",\"REF_SERVPROFID\":\"2\"}}}","level":"error"}
{"message":"requestID=null, fileName=set_request_id.js, method=module.exports.setRequestId, line=8, message=to set request id, data= null","level":"info"}
{"message":"requestID=08c22650-c828-11ea-bff1-a1df26fb693c, fileName=set_request_id.js, method=module.exports.setRequestId, line=18, message=set request mobile info, data= {}","level":"info"}
{"message":"requestID=08c22650-c828-11ea-bff1-a1df26fb693c, fileName=reference_service.js, method=ReferenceService.transformData, line=41, message=Start of execution, data= null","level":"info"}
{"message":"requestID=08c22650-c828-11ea-bff1-a1df26fb693c, fileName=validation_helper.js, method=ValidationHelper.validate, line=9, message=null, data= null","level":"info"}
{"message":"requestID=08c22650-c828-11ea-bff1-a1df26fb693c, fileName=validation_helper.js, method=null, line=14, message=Inside catch block, data= {\"isJoi\":true,\"name\":\"ValidationError\",\"details\":[{\"message\":\"\\\"referenceData\\\" must be an object\",\"path\":[\"referenceData\"],\"type\":\"object.base\",\"context\":{\"value\":\"\",\"key\":\"referenceData\",\"label\":\"referenceData\"}}],\"_object\":{\"payload\":{\"name\":\"subscriber\",\"valueType\":\"array\",\"value\":[{\"name\":\"MN\",\"valueType\":\"string\",\"value\":\"{REF_MSISDN}\"},{\"name\":\"IM\",\"valueType\":\"string\",\"value\":\"{REF_IMSI}\"},{\"name\":\"NT\",\"valueType\":\"string\",\"value\":\"G\"},{\"name\":\"privateUser\",\"valueType\":\"array\",\"value\":[{\"name\":\"privateUserId\",\"valueType\":\"string\",\"value\":\"{REF_IMSI}@ims.mnc001.mcc505.3gppnetwork.org\"},{\"name\":\"roamingAllowed\",\"valueType\":\"string\",\"value\":\"false\"},{\"name\":\"publicUser\",\"valueType\":\"array\",\"value\":[{\"name\":\"publicIdValue\",\"valueType\":\"string\",\"value\":\"sip:{REF_IMSI}@ims.mnc001.mcc505.3gppnetwork.org\"},{\"name\":\"implicitRegSet\",\"valueType\":\"string\",\"value\":\"1\"},{\"name\":\"serviceProfileId\",\"valueType\":\"string\",\"value\":\"{REF_SERVPROFID}\"},{\"name\":\"testUser\",\"valueType\":\"array\",\"value\":[{\"name\":\"testIdValue\",\"valueType\":\"string\",\"value\":\"sip:{REF_IMSI}@ims.mod-connect.com\"},{\"name\":\"implicitRegSet\",\"valueType\":\"string\",\"value\":\"2\"}]}]},{\"name\":\"userImsi\",\"valueType\":\"string\",\"value\":\"{REF_IMSI}\"}]},{\"name\":\"PO\",\"valueType\":\"string\",\"value\":\"0\"}]},\"referenceData\":\"\"}}","level":"error"}
{"message":"requestID=null, fileName=set_request_id.js, method=module.exports.setRequestId, line=8, message=to set request id, data= null","level":"info"}
{"message":"requestID=08c2e9a0-c828-11ea-bff1-a1df26fb693c, fileName=set_request_id.js, method=module.exports.setRequestId, line=18, message=set request mobile info, data= {}","level":"info"}
{"message":"requestID=08c2e9a0-c828-11ea-bff1-a1df26fb693c, fileName=reference_service.js, method=ReferenceService.transformData, line=41, message=Start of execution, data= null","level":"info"}
{"message":"requestID=08c2e9a0-c828-11ea-bff1-a1df26fb693c, fileName=validation_helper.js, method=ValidationHelper.validate, line=9, message=null, data= null","level":"info"}
{"message":"requestID=08c2e9a0-c828-11ea-bff1-a1df26fb693c, fileName=validation_helper.js, method=null, line=29, message=Before returning result, data= null","level":"info"}
{"message":"requestID=08c2e9a0-c828-11ea-bff1-a1df26fb693c, fileName=reference_bo.js, method=ReferenceBO.transformData, line=33, message=Inside BO, data= null","level":"debug"}
{"message":"requestID=08c2e9a0-c828-11ea-bff1-a1df26fb693c, fileName=reference_service.js, method=ReferenceService.transformData, line=51, message=Before calling success handler, data= {\"name\":\"subscriber\",\"valueType\":\"array\",\"value\":[{\"name\":\"MN\",\"valueType\":\"string\",\"value\":\"0406679321\"},{\"name\":\"IM\",\"valueType\":\"string\",\"value\":\"50002312344314\"},{\"name\":\"NT\",\"valueType\":\"string\",\"value\":\"G\"},{\"name\":\"privateUser\",\"valueType\":\"array\",\"value\":[{\"name\":\"privateUserId\",\"valueType\":\"string\",\"value\":\"50002312344314@ims.mnc001.mcc505.3gppnetwork.org\"},{\"name\":\"roamingAllowed\",\"valueType\":\"string\",\"value\":\"false\"},{\"name\":\"publicUser\",\"valueType\":\"array\",\"value\":[{\"name\":\"publicIdValue\",\"valueType\":\"string\",\"value\":\"sip:50002312344314@ims.mnc001.mcc505.3gppnetwork.org\"},{\"name\":\"implicitRegSet\",\"valueType\":\"string\",\"value\":\"1\"},{\"name\":\"serviceProfileId\",\"valueType\":\"string\",\"value\":\"2\"},{\"name\":\"testUser\",\"valueType\":\"array\",\"value\":[{\"name\":\"testIdValue\",\"valueType\":\"string\",\"value\":\"sip:50002312344314@ims.mod-connect.com\"},{\"name\":\"implicitRegSet\",\"valueType\":\"string\",\"value\":\"2\"}]}]},{\"name\":\"userImsi\",\"valueType\":\"string\",\"value\":\"50002312344314\"}]},{\"name\":\"PO\",\"valueType\":\"string\",\"value\":\"0\"}]}","level":"debug"}
{"message":"requestID=null, fileName=set_request_id.js, method=module.exports.setRequestId, line=8, message=to set request id, data= null","level":"info"}
{"message":"requestID=1a3c06d0-c828-11ea-819a-11fffd088978, fileName=set_request_id.js, method=module.exports.setRequestId, line=18, message=set request mobile info, data= {}","level":"info"}
{"message":"requestID=1a3c06d0-c828-11ea-819a-11fffd088978, fileName=reference_service.js, method=ReferenceService.transformData, line=41, message=Start of execution, data= null","level":"info"}
{"message":"requestID=1a3c06d0-c828-11ea-819a-11fffd088978, fileName=validation_helper.js, method=ValidationHelper.validate, line=9, message=null, data= null","level":"info"}
{"message":"requestID=1a3c06d0-c828-11ea-819a-11fffd088978, fileName=validation_helper.js, method=null, line=29, message=Before returning result, data= null","level":"info"}
{"message":"requestID=1a3c06d0-c828-11ea-819a-11fffd088978, fileName=reference_bo.js, method=ReferenceBO.transformData, line=33, message=Inside BO, data= null","level":"debug"}
{"message":"requestID=1a3c06d0-c828-11ea-819a-11fffd088978, fileName=reference_service.js, method=ReferenceService.transformData, line=51, message=Before calling success handler, data= {\"name\":\"subscriber\",\"valueType\":\"array\",\"value\":[{\"name\":\"MN\",\"valueType\":\"string\",\"value\":\"0406679321\"},{\"name\":\"IM\",\"valueType\":\"string\",\"value\":\"50002312344314\"},{\"name\":\"NT\",\"valueType\":\"string\",\"value\":\"G\"},{\"name\":\"privateUser\",\"valueType\":\"array\",\"value\":[{\"name\":\"privateUserId\",\"valueType\":\"string\",\"value\":\"50002312344314@ims.mnc001.mcc505.3gppnetwork.org\"},{\"name\":\"roamingAllowed\",\"valueType\":\"string\",\"value\":\"false\"},{\"name\":\"publicUser\",\"valueType\":\"array\",\"value\":[{\"name\":\"publicIdValue\",\"valueType\":\"string\",\"value\":\"sip:50002312344314@ims.mnc001.mcc505.3gppnetwork.org\"},{\"name\":\"implicitRegSet\",\"valueType\":\"string\",\"value\":\"1\"},{\"name\":\"serviceProfileId\",\"valueType\":\"string\",\"value\":\"2\"},{\"name\":\"testUser\",\"valueType\":\"array\",\"value\":[{\"name\":\"testIdValue\",\"valueType\":\"string\",\"value\":\"sip:50002312344314@ims.mod-connect.com\"},{\"name\":\"implicitRegSet\",\"valueType\":\"string\",\"value\":\"2\"}]}]},{\"name\":\"userImsi\",\"valueType\":\"string\",\"value\":\"50002312344314\"}]},{\"name\":\"PO\",\"valueType\":\"string\",\"value\":\"0\"}]}","level":"debug"}
{"message":"requestID=b1ba1320-c842-11ea-b1fc-733c602b1515, fileName=reference_bo.js, method=ReferenceBO.transformData, line=33, message=Inside BO, data= null","level":"debug"}
{"message":"requestID=b1ba1320-c842-11ea-b1fc-733c602b1515, fileName=reference_bo.js, method=ReferenceBO.transformData, line=33, message=Inside BO, data= null","level":"debug"}
{"message":"requestID=b1ba1320-c842-11ea-b1fc-733c602b1515, fileName=reference_bo.js, method=ReferenceBO.transformData, line=33, message=Inside BO, data= null","level":"debug"}
{"message":"requestID=b1ba1320-c842-11ea-b1fc-733c602b1515, fileName=reference_bo.js, method=ReferenceBO.transformData, line=33, message=Inside BO, data= null","level":"debug"}
{"message":"requestID=b696e300-c842-11ea-8ed8-e3fad62a8728, fileName=reference_bo.js, method=ReferenceBO.replaceAllLoop, line=88, message=Inside BO, data= null","level":"debug"}
{"message":"requestID=ff5af810-c842-11ea-8352-2ffa02fdf67a, fileName=reference_bo.js, method=ReferenceBO.replaceAllLoop, line=82, message=Inside BO, data= null","level":"debug"}
{"message":"requestID=191c23a0-c843-11ea-a7d3-cf2db1e18c08, fileName=reference_bo.js, method=ReferenceBO.replaceAllLoop, line=82, message=Inside BO, data= null","level":"debug"}
{"message":"requestID=32296880-c843-11ea-97d1-dd7dc576f64b, fileName=reference_bo.js, method=ReferenceBO.replaceAllLoop, line=82, message=Inside BO, data= null","level":"debug"}
{"message":"requestID=4f21ca40-c843-11ea-9237-e94445a942b9, fileName=reference_bo.js, method=ReferenceBO.replaceAllLoop, line=82, message=Inside BO, data= null","level":"debug"}
{"message":"requestID=6b88e880-c843-11ea-85eb-cb1beffb7c6e, fileName=reference_bo.js, method=ReferenceBO.replaceAllLoop, line=82, message=Inside BO, data= null","level":"debug"}
{"message":"requestID=78fbbfb0-c843-11ea-ae9b-d56aebbe90c5, fileName=reference_bo.js, method=ReferenceBO.replaceAllLoop, line=82, message=Inside BO, data= null","level":"debug"}
{"message":"requestID=8fc8d890-c843-11ea-bc70-d7a761e71623, fileName=reference_bo.js, method=ReferenceBO.replaceAllLoop, line=82, message=Inside BO, data= null","level":"debug"}
{"message":"requestID=9e9fac90-c843-11ea-9853-55777e9087ef, fileName=reference_bo.js, method=ReferenceBO.replaceAllLoop, line=82, message=Inside BO, data= null","level":"debug"}
{"message":"requestID=b544f220-c843-11ea-9182-259563d2ae44, fileName=reference_bo.js, method=ReferenceBO.replaceAllLoop, line=82, message=Inside BO, data= null","level":"debug"}
{"message":"requestID=c5b81100-c843-11ea-8070-79097650b50d, fileName=reference_bo.js, method=ReferenceBO.replaceAllLoop, line=82, message=Inside BO, data= null","level":"debug"}
{"message":"requestID=c5b81100-c843-11ea-8070-79097650b50d, fileName=reference_bo.js, method=null, line=108, message=Inside catch block, data= {}","level":"error"}
{"message":"requestID=d619a3b0-c843-11ea-9f63-99b8ff15e594, fileName=reference_bo.js, method=ReferenceBO.replaceAllLoop, line=82, message=Inside BO, data= null","level":"debug"}
{"message":"requestID=d619a3b0-c843-11ea-9f63-99b8ff15e594, fileName=reference_bo.js, method=null, line=109, message=Inside catch block, data= {}","level":"error"}
{"message":"requestID=2f701f70-c844-11ea-9971-7b45c7d87f7c, fileName=reference_bo.js, method=ReferenceBO.replaceAllLoop, line=82, message=Inside BO, data= null","level":"debug"}
{"message":"requestID=49bbd7c0-c844-11ea-b0ad-65dc5b1977d2, fileName=reference_bo.js, method=ReferenceBO.replaceAllLoop, line=82, message=Inside BO, data= null","level":"debug"}
{"message":"requestID=5988a480-c844-11ea-9747-5dd7a78759cc, fileName=reference_bo.js, method=ReferenceBO.replaceAllLoop, line=82, message=Inside BO, data= null","level":"debug"}
{"message":"requestID=62a17060-c844-11ea-a665-cd83fb440037, fileName=reference_bo.js, method=ReferenceBO.replaceAllLoop, line=82, message=Inside BO, data= null","level":"debug"}
{"message":"requestID=6aeac1d0-c845-11ea-b1d3-0d18ba7fa62a, fileName=reference_bo.js, method=ReferenceBO.replaceAllLoop, line=82, message=Inside BO, data= null","level":"debug"}
{"message":"requestID=941368a0-c845-11ea-b6dd-ada3daeec90c, fileName=reference_bo.js, method=ReferenceBO.replaceAllLoop, line=82, message=Inside BO, data= null","level":"debug"}
{"message":"requestID=b3c6cbb0-c845-11ea-a993-ffaae978fb5b, fileName=reference_bo.js, method=ReferenceBO.transformData, line=33, message=Inside BO, data= null","level":"debug"}
{"message":"requestID=b3c6cbb0-c845-11ea-a993-ffaae978fb5b, fileName=reference_bo.js, method=ReferenceBO.transformData, line=33, message=Inside BO, data= null","level":"debug"}
{"message":"requestID=b3c6cbb0-c845-11ea-a993-ffaae978fb5b, fileName=reference_bo.js, method=ReferenceBO.transformData, line=33, message=Inside BO, data= null","level":"debug"}
{"message":"requestID=b3c6cbb0-c845-11ea-a993-ffaae978fb5b, fileName=reference_bo.js, method=ReferenceBO.transformData, line=33, message=Inside BO, data= null","level":"debug"}
{"message":"requestID=b3c6cbb0-c845-11ea-a993-ffaae978fb5b, fileName=reference_bo.js, method=ReferenceBO.replaceAllLoop, line=82, message=Inside BO, data= null","level":"debug"}
{"message":"requestID=d8317540-c845-11ea-a226-67478173207b, fileName=reference_bo.js, method=ReferenceBO.transformData, line=33, message=Inside BO, data= null","level":"debug"}
{"message":"requestID=d8317540-c845-11ea-a226-67478173207b, fileName=reference_bo.js, method=ReferenceBO.transformData, line=33, message=Inside BO, data= null","level":"debug"}
{"message":"requestID=d8317540-c845-11ea-a226-67478173207b, fileName=reference_bo.js, method=ReferenceBO.transformData, line=33, message=Inside BO, data= null","level":"debug"}
{"message":"requestID=d8317540-c845-11ea-a226-67478173207b, fileName=reference_bo.js, method=ReferenceBO.transformData, line=33, message=Inside BO, data= null","level":"debug"}
{"message":"requestID=d8317540-c845-11ea-a226-67478173207b, fileName=reference_bo.js, method=ReferenceBO.replaceAllLoop, line=82, message=Inside BO, data= null","level":"debug"}
{"message":"requestID=50f99020-c846-11ea-8564-f5b3f1215cd0, fileName=reference_bo.js, method=ReferenceBO.transformData, line=33, message=Inside BO, data= null","level":"debug"}
{"message":"requestID=50f99020-c846-11ea-8564-f5b3f1215cd0, fileName=reference_bo.js, method=ReferenceBO.transformData, line=33, message=Inside BO, data= null","level":"debug"}
{"message":"requestID=50f99020-c846-11ea-8564-f5b3f1215cd0, fileName=reference_bo.js, method=ReferenceBO.transformData, line=33, message=Inside BO, data= null","level":"debug"}
{"message":"requestID=50f99020-c846-11ea-8564-f5b3f1215cd0, fileName=reference_bo.js, method=ReferenceBO.transformData, line=33, message=Inside BO, data= null","level":"debug"}
{"message":"requestID=50f99020-c846-11ea-8564-f5b3f1215cd0, fileName=reference_bo.js, method=ReferenceBO.replaceAllLoop, line=82, message=Inside BO, data= null","level":"debug"}
